<?xml version="1.0" encoding="UTF-8"?>
<!-- Generated by org.testng.reporters.JUnitReportReporter -->
<testsuite hostname="LAPTOP-GGTLOUOF" failures="0" tests="4" name="restassurancedemo1.demo1" time="5.619" errors="0" timestamp="2023-01-16T11:15:35 IST" skipped="3">
  <testcase classname="restassurancedemo1.demo1" name="delete_method" time="5.619"/>
  <system-out/>
  <testcase classname="restassurancedemo1.demo1" name="get_method">
    <skipped/>
  </testcase> <!-- get_method -->
  <system-out/>
  <testcase classname="restassurancedemo1.demo1" name="put_method">
    <skipped/>
  </testcase> <!-- put_method -->
  <system-out/>
  <testcase classname="restassurancedemo1.demo1" name="post_method">
    <skipped/>
  </testcase> <!-- post_method -->
  <system-out/>
</testsuite> <!-- restassurancedemo1.demo1 -->
