<?xml version="1.0" encoding="UTF-8"?>
<!-- Generated by org.testng.reporters.JUnitReportReporter -->
<testsuite hostname="LAPTOP-GGTLOUOF" failures="0" tests="4" name="restassurancedemo.trelloapp" time="5.385" errors="0" timestamp="2023-01-16T10:17:28 IST" skipped="0">
  <testcase classname="restassurancedemo.trelloapp" name="create_a_board" time="1.941"/>
  <system-out/>
  <testcase classname="restassurancedemo.trelloapp" name="get_board" time="0.670"/>
  <system-out/>
  <testcase classname="restassurancedemo.trelloapp" name="update_board" time="0.859"/>
  <system-out/>
  <testcase classname="restassurancedemo.trelloapp" name="delet_board" time="1.915"/>
  <system-out/>
</testsuite> <!-- restassurancedemo.trelloapp -->
